<?xml version="1.0" encoding="UTF-8"?>
<coverage generated="1634016289550" clover="3.2.0">
  <project timestamp="1634016289551" name="All files">
    <metrics statements="15" coveredstatements="15" conditionals="4" coveredconditionals="4" methods="3" coveredmethods="3" elements="22" coveredelements="22" complexity="0" loc="15" ncloc="15" packages="1" files="1" classes="1"/>
    <file name="templater.js" path="/Users/kevinwang/CSE/183/asgn2/templater.js">
      <metrics statements="15" coveredstatements="15" conditionals="4" coveredconditionals="4" methods="3" coveredmethods="3"/>
      <line num="10" count="13" type="stmt"/>
      <line num="23" count="13" type="stmt"/>
      <line num="24" count="13" type="stmt"/>
      <line num="27" count="13" type="stmt"/>
      <line num="28" count="25" type="stmt"/>
      <line num="30" count="25" type="stmt"/>
      <line num="31" count="25" type="cond" truecount="2" falsecount="0"/>
      <line num="32" count="18" type="stmt"/>
      <line num="33" count="7" type="cond" truecount="2" falsecount="0"/>
      <line num="34" count="2" type="stmt"/>
      <line num="36" count="5" type="stmt"/>
      <line num="37" count="5" type="stmt"/>
      <line num="41" count="11" type="stmt"/>
      <line num="46" count="1" type="stmt"/>
      <line num="48" count="1" type="stmt"/>
    </file>
  </project>
</coverage>
