{"/Users/kevinwang/CSE/183/asgn2/templater.js": {"path":"/Users/kevinwang/CSE/183/asgn2/templater.js","statementMap":{"0":{"start":{"line":10,"column":4},"end":{"line":10,"column":29}},"1":{"start":{"line":23,"column":18},"end":{"line":23,"column":32}},"2":{"start":{"line":24,"column":14},"end":{"line":24,"column":27}},"3":{"start":{"line":27,"column":4},"end":{"line":40,"column":5}},"4":{"start":{"line":28,"column":6},"end":{"line":39,"column":9}},"5":{"start":{"line":30,"column":25},"end":{"line":30,"column":61}},"6":{"start":{"line":31,"column":8},"end":{"line":38,"column":9}},"7":{"start":{"line":32,"column":10},"end":{"line":32,"column":50}},"8":{"start":{"line":33,"column":15},"end":{"line":38,"column":9}},"9":{"start":{"line":34,"column":10},"end":{"line":34,"column":61}},"10":{"start":{"line":36,"column":10},"end":{"line":36,"column":39}},"11":{"start":{"line":37,"column":10},"end":{"line":37,"column":39}},"12":{"start":{"line":41,"column":4},"end":{"line":41,"column":15}},"13":{"start":{"line":46,"column":0},"end":{"line":46,"column":33}},"14":{"start":{"line":48,"column":0},"end":{"line":48,"column":27}}},"fnMap":{"0":{"name":"(anonymous_0)","decl":{"start":{"line":9,"column":2},"end":{"line":9,"column":3}},"loc":{"start":{"line":9,"column":24},"end":{"line":11,"column":3}},"line":9},"1":{"name":"(anonymous_1)","decl":{"start":{"line":22,"column":2},"end":{"line":22,"column":3}},"loc":{"start":{"line":22,"column":21},"end":{"line":42,"column":3}},"line":22},"2":{"name":"(anonymous_2)","decl":{"start":{"line":28,"column":16},"end":{"line":28,"column":17}},"loc":{"start":{"line":28,"column":27},"end":{"line":39,"column":7}},"line":28}},"branchMap":{"0":{"loc":{"start":{"line":31,"column":8},"end":{"line":38,"column":9}},"type":"if","locations":[{"start":{"line":31,"column":8},"end":{"line":38,"column":9}},{"start":{"line":31,"column":8},"end":{"line":38,"column":9}}],"line":31},"1":{"loc":{"start":{"line":33,"column":15},"end":{"line":38,"column":9}},"type":"if","locations":[{"start":{"line":33,"column":15},"end":{"line":38,"column":9}},{"start":{"line":33,"column":15},"end":{"line":38,"column":9}}],"line":33}},"s":{"0":13,"1":13,"2":13,"3":13,"4":25,"5":25,"6":25,"7":18,"8":7,"9":2,"10":5,"11":5,"12":11,"13":1,"14":1},"f":{"0":13,"1":13,"2":25},"b":{"0":[18,7],"1":[2,5]},"_coverageSchema":"1a1c01bbd47fc00a2c39e90264f33305004495a9","hash":"7fd8a0c75f63fbd92f98347e4253ebc11c0985a6"}
}
